# JRE version: OpenJDK Runtime Environment (21.0.7) (build 21.0.7+-13880790-b1038.58)
# Java VM: OpenJDK 64-Bit Server VM (21.0.7+-13880790-b1038.58, mixed mode, tiered, compressed oops, compressed class ptrs, g1 gc, windows-amd64)
GC Precious Log:
 CardTable entry size: 512
 Card Set container configuration: InlinePtr #cards 5 size 8 Array Of Cards #cards 12 size 40 Howl #buckets 4 coarsen threshold 1843 Howl Bitmap #cards 512 size 80 coarsen threshold 460 Card regions per heap region 1 cards per card region 2048
 CPUs: 4 total, 4 available
 Memory: 7886M
 Large Page Support: Disabled
 NUMA Support: Disabled
 Compressed Oops: Enabled (32-bit)
 Heap Region Size: 1M
 Heap Min Capacity: 8M
 Heap Initial Capacity: 124M
 Heap Max Capacity: 1972M
 Pre-touch: Disabled
 Parallel Workers: 4
 Concurrent Workers: 1
 Concurrent Refinement Workers: 4
 Periodic GC: Disabled
Heap:
 garbage-first heap   total 58368K, used 31578K [0x0000000084c00000, 0x0000000100000000)
  region size 1024K, 3 young (3072K), 3 survivors (3072K)
 Metaspace       used 48883K, committed 49088K, reserved 1114112K
  class space    used 5653K, committed 5760K, reserved 1048576K
GC Heap History (20 events):
Event: 0.589 GC heap after
{Heap after GC invocations=1 (full 0):
 garbage-first heap   total 126976K, used 5296K [0x0000000084c00000, 0x0000000100000000)
  region size 1024K, 2 young (2048K), 2 survivors (2048K)
 Metaspace       used 11265K, committed 11456K, reserved 1114112K
  class space    used 964K, committed 1088K, reserved 1048576K
}
Event: 0.871 GC heap before
{Heap before GC invocations=1 (full 0):
 garbage-first heap   total 126976K, used 24752K [0x0000000084c00000, 0x0000000100000000)
  region size 1024K, 22 young (22528K), 2 survivors (2048K)
 Metaspace       used 17167K, committed 17344K, reserved 1114112K
  class space    used 1697K, committed 1792K, reserved 1048576K
}
Event: 0.876 GC heap after
{Heap after GC invocations=2 (full 0):
 garbage-first heap   total 126976K, used 6871K [0x0000000084c00000, 0x0000000100000000)
  region size 1024K, 2 young (2048K), 2 survivors (2048K)
 Metaspace       used 17167K, committed 17344K, reserved 1114112K
  class space    used 1697K, committed 1792K, reserved 1048576K
}
Event: 1.034 GC heap before
{Heap before GC invocations=2 (full 0):
 garbage-first heap   total 126976K, used 18135K [0x0000000084c00000, 0x0000000100000000)
  region size 1024K, 14 young (14336K), 2 survivors (2048K)
 Metaspace       used 21285K, committed 21504K, reserved 1114112K
  class space    used 2201K, committed 2304K, reserved 1048576K
}
Event: 1.037 GC heap after
{Heap after GC invocations=3 (full 0):
 garbage-first heap   total 126976K, used 7419K [0x0000000084c00000, 0x0000000100000000)
  region size 1024K, 2 young (2048K), 2 survivors (2048K)
 Metaspace       used 21285K, committed 21504K, reserved 1114112K
  class space    used 2201K, committed 2304K, reserved 1048576K
}
Event: 1.351 GC heap before
{Heap before GC invocations=4 (full 0):
 garbage-first heap   total 27648K, used 26875K [0x0000000084c00000, 0x0000000100000000)
  region size 1024K, 21 young (21504K), 2 survivors (2048K)
 Metaspace       used 25315K, committed 25536K, reserved 1114112K
  class space    used 2702K, committed 2816K, reserved 1048576K
}
Event: 1.360 GC heap after
{Heap after GC invocations=5 (full 0):
 garbage-first heap   total 34816K, used 11871K [0x0000000084c00000, 0x0000000100000000)
  region size 1024K, 7 young (7168K), 7 survivors (7168K)
 Metaspace       used 25315K, committed 25536K, reserved 1114112K
  class space    used 2702K, committed 2816K, reserved 1048576K
}
Event: 1.434 GC heap before
{Heap before GC invocations=5 (full 0):
 garbage-first heap   total 34816K, used 23135K [0x0000000084c00000, 0x0000000100000000)
  region size 1024K, 18 young (18432K), 7 survivors (7168K)
 Metaspace       used 25330K, committed 25536K, reserved 1114112K
  class space    used 2702K, committed 2816K, reserved 1048576K
}
Event: 1.448 GC heap after
{Heap after GC invocations=6 (full 0):
 garbage-first heap   total 36864K, used 17103K [0x0000000084c00000, 0x0000000100000000)
  region size 1024K, 3 young (3072K), 3 survivors (3072K)
 Metaspace       used 25330K, committed 25536K, reserved 1114112K
  class space    used 2702K, committed 2816K, reserved 1048576K
}
Event: 1.605 GC heap before
{Heap before GC invocations=6 (full 0):
 garbage-first heap   total 36864K, used 26319K [0x0000000084c00000, 0x0000000100000000)
  region size 1024K, 12 young (12288K), 3 survivors (3072K)
 Metaspace       used 27731K, committed 27968K, reserved 1114112K
  class space    used 2996K, committed 3136K, reserved 1048576K
}
Event: 1.611 GC heap after
{Heap after GC invocations=7 (full 0):
 garbage-first heap   total 58368K, used 18789K [0x0000000084c00000, 0x0000000100000000)
  region size 1024K, 2 young (2048K), 2 survivors (2048K)
 Metaspace       used 27731K, committed 27968K, reserved 1114112K
  class space    used 2996K, committed 3136K, reserved 1048576K
}
Event: 2.008 GC heap before
{Heap before GC invocations=7 (full 0):
 garbage-first heap   total 58368K, used 41317K [0x0000000084c00000, 0x0000000100000000)
  region size 1024K, 25 young (25600K), 2 survivors (2048K)
 Metaspace       used 33001K, committed 33216K, reserved 1114112K
  class space    used 4057K, committed 4160K, reserved 1048576K
}
Event: 2.013 GC heap after
{Heap after GC invocations=8 (full 0):
 garbage-first heap   total 58368K, used 21504K [0x0000000084c00000, 0x0000000100000000)
  region size 1024K, 4 young (4096K), 4 survivors (4096K)
 Metaspace       used 33001K, committed 33216K, reserved 1114112K
  class space    used 4057K, committed 4160K, reserved 1048576K
}
Event: 2.296 GC heap before
{Heap before GC invocations=8 (full 0):
 garbage-first heap   total 58368K, used 32768K [0x0000000084c00000, 0x0000000100000000)
  region size 1024K, 17 young (17408K), 4 survivors (4096K)
 Metaspace       used 35859K, committed 36096K, reserved 1114112K
  class space    used 4356K, committed 4480K, reserved 1048576K
}
Event: 2.302 GC heap after
{Heap after GC invocations=9 (full 0):
 garbage-first heap   total 58368K, used 22807K [0x0000000084c00000, 0x0000000100000000)
  region size 1024K, 2 young (2048K), 2 survivors (2048K)
 Metaspace       used 35859K, committed 36096K, reserved 1114112K
  class space    used 4356K, committed 4480K, reserved 1048576K
}
Event: 2.704 GC heap before
{Heap before GC invocations=10 (full 0):
 garbage-first heap   total 58368K, used 44311K [0x0000000084c00000, 0x0000000100000000)
  region size 1024K, 24 young (24576K), 2 survivors (2048K)
 Metaspace       used 41748K, committed 41984K, reserved 1114112K
  class space    used 4928K, committed 5056K, reserved 1048576K
}
Event: 2.709 GC heap after
{Heap after GC invocations=11 (full 0):
 garbage-first heap   total 58368K, used 24008K [0x0000000084c00000, 0x0000000100000000)
  region size 1024K, 3 young (3072K), 3 survivors (3072K)
 Metaspace       used 41748K, committed 41984K, reserved 1114112K
  class space    used 4928K, committed 5056K, reserved 1048576K
}
Event: 3.167 GC heap before
{Heap before GC invocations=11 (full 0):
 garbage-first heap   total 58368K, used 46536K [0x0000000084c00000, 0x0000000100000000)
  region size 1024K, 26 young (26624K), 3 survivors (3072K)
 Metaspace       used 45562K, committed 45760K, reserved 1114112K
  class space    used 5329K, committed 5440K, reserved 1048576K
}
Event: 3.176 GC heap after
{Heap after GC invocations=12 (full 0):
 garbage-first heap   total 58368K, used 27389K [0x0000000084c00000, 0x0000000100000000)
  region size 1024K, 4 young (4096K), 4 survivors (4096K)
 Metaspace       used 45562K, committed 45760K, reserved 1114112K
  class space    used 5329K, committed 5440K, reserved 1048576K
}
Event: 3.673 GC heap before
{Heap before GC invocations=12 (full 0):
 garbage-first heap   total 58368K, used 46845K [0x0000000084c00000, 0x0000000100000000)
  region size 1024K, 24 young (24576K), 4 survivors (4096K)
 Metaspace       used 48883K, committed 49088K, reserved 1114112K
  class space    used 5653K, committed 5760K, reserved 1048576K
}

