# JRE version: OpenJDK Runtime Environment (21.0.7) (build 21.0.7+-13880790-b1038.58)
# Java VM: OpenJDK 64-Bit Server VM (21.0.7+-13880790-b1038.58, mixed mode, tiered, compressed oops, compressed class ptrs, g1 gc, windows-amd64)
GC Precious Log:
 CardTable entry size: 512
 Card Set container configuration: InlinePtr #cards 5 size 8 Array Of Cards #cards 12 size 40 Howl #buckets 4 coarsen threshold 1843 Howl Bitmap #cards 512 size 80 coarsen threshold 460 Card regions per heap region 1 cards per card region 2048
 CPUs: 4 total, 4 available
 Memory: 7886M
 Large Page Support: Disabled
 NUMA Support: Disabled
 Compressed Oops: Enabled (32-bit)
 Heap Region Size: 1M
 Heap Min Capacity: 8M
 Heap Initial Capacity: 124M
 Heap Max Capacity: 1972M
 Pre-touch: Disabled
 Parallel Workers: 4
 Concurrent Workers: 1
 Concurrent Refinement Workers: 4
 Periodic GC: Disabled
Heap:
 garbage-first heap   total 129024K, used 55080K [0x0000000084c00000, 0x0000000100000000)
  region size 1024K, 2 young (2048K), 2 survivors (2048K)
 Metaspace       used 50281K, committed 50560K, reserved 1114112K
  class space    used 5755K, committed 5888K, reserved 1048576K
GC Heap History (20 events):
Event: 2.349 GC heap after
{Heap after GC invocations=7 (full 0):
 garbage-first heap   total 55296K, used 20480K [0x0000000084c00000, 0x0000000100000000)
  region size 1024K, 2 young (2048K), 2 survivors (2048K)
 Metaspace       used 27773K, committed 28032K, reserved 1114112K
  class space    used 2997K, committed 3136K, reserved 1048576K
}
Event: 2.759 GC heap before
{Heap before GC invocations=7 (full 0):
 garbage-first heap   total 55296K, used 43008K [0x0000000084c00000, 0x0000000100000000)
  region size 1024K, 25 young (25600K), 2 survivors (2048K)
 Metaspace       used 34408K, committed 34688K, reserved 1114112K
  class space    used 4202K, committed 4352K, reserved 1048576K
}
Event: 2.774 GC heap after
{Heap after GC invocations=8 (full 0):
 garbage-first heap   total 55296K, used 22528K [0x0000000084c00000, 0x0000000100000000)
  region size 1024K, 4 young (4096K), 4 survivors (4096K)
 Metaspace       used 34408K, committed 34688K, reserved 1114112K
  class space    used 4202K, committed 4352K, reserved 1048576K
}
Event: 2.954 GC heap before
{Heap before GC invocations=8 (full 0):
 garbage-first heap   total 55296K, used 27648K [0x0000000084c00000, 0x0000000100000000)
  region size 1024K, 10 young (10240K), 4 survivors (4096K)
 Metaspace       used 35753K, committed 35968K, reserved 1114112K
  class space    used 4351K, committed 4480K, reserved 1048576K
}
Event: 2.959 GC heap after
{Heap after GC invocations=9 (full 0):
 garbage-first heap   total 55296K, used 23235K [0x0000000084c00000, 0x0000000100000000)
  region size 1024K, 1 young (1024K), 1 survivors (1024K)
 Metaspace       used 35753K, committed 35968K, reserved 1114112K
  class space    used 4351K, committed 4480K, reserved 1048576K
}
Event: 3.327 GC heap before
{Heap before GC invocations=10 (full 0):
 garbage-first heap   total 55296K, used 44739K [0x0000000084c00000, 0x0000000100000000)
  region size 1024K, 23 young (23552K), 1 survivors (1024K)
 Metaspace       used 41594K, committed 41856K, reserved 1114112K
  class space    used 4913K, committed 4992K, reserved 1048576K
}
Event: 3.331 GC heap after
{Heap after GC invocations=11 (full 0):
 garbage-first heap   total 55296K, used 24095K [0x0000000084c00000, 0x0000000100000000)
  region size 1024K, 2 young (2048K), 2 survivors (2048K)
 Metaspace       used 41594K, committed 41856K, reserved 1114112K
  class space    used 4913K, committed 4992K, reserved 1048576K
}
Event: 3.952 GC heap before
{Heap before GC invocations=11 (full 0):
 garbage-first heap   total 55296K, used 45599K [0x0000000084c00000, 0x0000000100000000)
  region size 1024K, 24 young (24576K), 2 survivors (2048K)
 Metaspace       used 45367K, committed 45632K, reserved 1114112K
  class space    used 5299K, committed 5376K, reserved 1048576K
}
Event: 3.960 GC heap after
{Heap after GC invocations=12 (full 0):
 garbage-first heap   total 55296K, used 26490K [0x0000000084c00000, 0x0000000100000000)
  region size 1024K, 3 young (3072K), 3 survivors (3072K)
 Metaspace       used 45367K, committed 45632K, reserved 1114112K
  class space    used 5299K, committed 5376K, reserved 1048576K
}
Event: 4.846 GC heap before
{Heap before GC invocations=12 (full 0):
 garbage-first heap   total 55296K, used 46970K [0x0000000084c00000, 0x0000000100000000)
  region size 1024K, 23 young (23552K), 3 survivors (3072K)
 Metaspace       used 48884K, committed 49088K, reserved 1114112K
  class space    used 5652K, committed 5760K, reserved 1048576K
}
Event: 4.858 GC heap after
{Heap after GC invocations=13 (full 0):
 garbage-first heap   total 72704K, used 30285K [0x0000000084c00000, 0x0000000100000000)
  region size 1024K, 3 young (3072K), 3 survivors (3072K)
 Metaspace       used 48884K, committed 49088K, reserved 1114112K
  class space    used 5652K, committed 5760K, reserved 1048576K
}
Event: 5.195 GC heap before
{Heap before GC invocations=13 (full 0):
 garbage-first heap   total 72704K, used 57933K [0x0000000084c00000, 0x0000000100000000)
  region size 1024K, 31 young (31744K), 3 survivors (3072K)
 Metaspace       used 49824K, committed 50048K, reserved 1114112K
  class space    used 5722K, committed 5824K, reserved 1048576K
}
Event: 5.207 GC heap after
{Heap after GC invocations=14 (full 0):
 garbage-first heap   total 72704K, used 39424K [0x0000000084c00000, 0x0000000100000000)
  region size 1024K, 4 young (4096K), 4 survivors (4096K)
 Metaspace       used 49824K, committed 50048K, reserved 1114112K
  class space    used 5722K, committed 5824K, reserved 1048576K
}
Event: 5.317 GC heap before
{Heap before GC invocations=14 (full 0):
 garbage-first heap   total 72704K, used 43520K [0x0000000084c00000, 0x0000000100000000)
  region size 1024K, 9 young (9216K), 4 survivors (4096K)
 Metaspace       used 50181K, committed 50368K, reserved 1114112K
  class space    used 5749K, committed 5824K, reserved 1048576K
}
Event: 5.323 GC heap after
{Heap after GC invocations=15 (full 0):
 garbage-first heap   total 72704K, used 41688K [0x0000000084c00000, 0x0000000100000000)
  region size 1024K, 2 young (2048K), 2 survivors (2048K)
 Metaspace       used 50181K, committed 50368K, reserved 1114112K
  class space    used 5749K, committed 5824K, reserved 1048576K
}
Event: 5.417 GC heap before
{Heap before GC invocations=16 (full 0):
 garbage-first heap   total 72704K, used 59096K [0x0000000084c00000, 0x0000000100000000)
  region size 1024K, 19 young (19456K), 2 survivors (2048K)
 Metaspace       used 50209K, committed 50432K, reserved 1114112K
  class space    used 5750K, committed 5824K, reserved 1048576K
}
Event: 5.425 GC heap after
{Heap after GC invocations=17 (full 0):
 garbage-first heap   total 72704K, used 49026K [0x0000000084c00000, 0x0000000100000000)
  region size 1024K, 3 young (3072K), 3 survivors (3072K)
 Metaspace       used 50209K, committed 50432K, reserved 1114112K
  class space    used 5750K, committed 5824K, reserved 1048576K
}
Event: 5.620 GC heap before
{Heap before GC invocations=17 (full 0):
 garbage-first heap   total 72704K, used 61314K [0x0000000084c00000, 0x0000000100000000)
  region size 1024K, 15 young (15360K), 3 survivors (3072K)
 Metaspace       used 50269K, committed 50560K, reserved 1114112K
  class space    used 5755K, committed 5888K, reserved 1048576K
}
Event: 5.626 GC heap after
{Heap after GC invocations=18 (full 0):
 garbage-first heap   total 72704K, used 52064K [0x0000000084c00000, 0x0000000100000000)
  region size 1024K, 2 young (2048K), 2 survivors (2048K)
 Metaspace       used 50269K, committed 50560K, reserved 1114112K
  class space    used 5755K, committed 5888K, reserved 1048576K
}
Event: 5.649 GC heap before
{Heap before GC invocations=18 (full 0):
 garbage-first heap   total 72704K, used 63328K [0x0000000084c00000, 0x0000000100000000)
  region size 1024K, 13 young (13312K), 2 survivors (2048K)
 Metaspace       used 50281K, committed 50560K, reserved 1114112K
  class space    used 5755K, committed 5888K, reserved 1048576K
}

