# JRE version: OpenJDK Runtime Environment (21.0.7) (build 21.0.7+-13880790-b1038.58)
# Java VM: OpenJDK 64-Bit Server VM (21.0.7+-13880790-b1038.58, mixed mode, tiered, compressed oops, compressed class ptrs, g1 gc, windows-amd64)
GC Precious Log:
 CardTable entry size: 512
 Card Set container configuration: InlinePtr #cards 5 size 8 Array Of Cards #cards 12 size 40 Howl #buckets 4 coarsen threshold 1843 Howl Bitmap #cards 512 size 80 coarsen threshold 460 Card regions per heap region 1 cards per card region 2048
 CPUs: 4 total, 4 available
 Memory: 7886M
 Large Page Support: Disabled
 NUMA Support: Disabled
 Compressed Oops: Enabled (32-bit)
 Heap Region Size: 1M
 Heap Min Capacity: 8M
 Heap Initial Capacity: 124M
 Heap Max Capacity: 2G
 Pre-touch: Disabled
 Parallel Workers: 4
 Concurrent Workers: 1
 Concurrent Refinement Workers: 4
 Periodic GC: Disabled
Heap:
 garbage-first heap   total 115712K, used 98754K [0x0000000080000000, 0x0000000100000000)
  region size 1024K, 26 young (26624K), 4 survivors (4096K)
 Metaspace       used 77244K, committed 79104K, reserved 1179648K
  class space    used 10521K, committed 11392K, reserved 1048576K
GC Heap History (20 events):
Event: 64.023 GC heap before
{Heap before GC invocations=23 (full 0):
 garbage-first heap   total 71680K, used 62570K [0x0000000080000000, 0x0000000100000000)
  region size 1024K, 24 young (24576K), 4 survivors (4096K)
 Metaspace       used 69789K, committed 71488K, reserved 1114112K
  class space    used 9706K, committed 10560K, reserved 1048576K
}
Event: 64.033 GC heap after
{Heap after GC invocations=24 (full 0):
 garbage-first heap   total 71680K, used 42741K [0x0000000080000000, 0x0000000100000000)
  region size 1024K, 1 young (1024K), 1 survivors (1024K)
 Metaspace       used 69789K, committed 71488K, reserved 1114112K
  class space    used 9706K, committed 10560K, reserved 1048576K
}
Event: 67.110 GC heap before
{Heap before GC invocations=24 (full 0):
 garbage-first heap   total 71680K, used 66293K [0x0000000080000000, 0x0000000100000000)
  region size 1024K, 24 young (24576K), 1 survivors (1024K)
 Metaspace       used 71781K, committed 73536K, reserved 1114112K
  class space    used 9955K, committed 10816K, reserved 1048576K
}
Event: 67.117 GC heap after
{Heap after GC invocations=25 (full 0):
 garbage-first heap   total 71680K, used 46239K [0x0000000080000000, 0x0000000100000000)
  region size 1024K, 3 young (3072K), 3 survivors (3072K)
 Metaspace       used 71781K, committed 73536K, reserved 1114112K
  class space    used 9955K, committed 10816K, reserved 1048576K
}
Event: 67.961 GC heap before
{Heap before GC invocations=26 (full 0):
 garbage-first heap   total 78848K, used 61599K [0x0000000080000000, 0x0000000100000000)
  region size 1024K, 19 young (19456K), 3 survivors (3072K)
 Metaspace       used 72162K, committed 73920K, reserved 1114112K
  class space    used 9981K, committed 10816K, reserved 1048576K
}
Event: 67.970 GC heap after
{Heap after GC invocations=27 (full 0):
 garbage-first heap   total 78848K, used 49566K [0x0000000080000000, 0x0000000100000000)
  region size 1024K, 3 young (3072K), 3 survivors (3072K)
 Metaspace       used 72162K, committed 73920K, reserved 1114112K
  class space    used 9981K, committed 10816K, reserved 1048576K
}
Event: 68.383 GC heap before
{Heap before GC invocations=27 (full 0):
 garbage-first heap   total 78848K, used 69022K [0x0000000080000000, 0x0000000100000000)
  region size 1024K, 23 young (23552K), 3 survivors (3072K)
 Metaspace       used 72311K, committed 74112K, reserved 1114112K
  class space    used 9981K, committed 10816K, reserved 1048576K
}
Event: 68.389 GC heap after
{Heap after GC invocations=28 (full 0):
 garbage-first heap   total 78848K, used 51118K [0x0000000080000000, 0x0000000100000000)
  region size 1024K, 3 young (3072K), 3 survivors (3072K)
 Metaspace       used 72311K, committed 74112K, reserved 1114112K
  class space    used 9981K, committed 10816K, reserved 1048576K
}
Event: 68.854 GC heap before
{Heap before GC invocations=28 (full 0):
 garbage-first heap   total 78848K, used 69550K [0x0000000080000000, 0x0000000100000000)
  region size 1024K, 22 young (22528K), 3 survivors (3072K)
 Metaspace       used 72526K, committed 74240K, reserved 1114112K
  class space    used 9981K, committed 10816K, reserved 1048576K
}
Event: 68.860 GC heap after
{Heap after GC invocations=29 (full 0):
 garbage-first heap   total 78848K, used 52526K [0x0000000080000000, 0x0000000100000000)
  region size 1024K, 3 young (3072K), 3 survivors (3072K)
 Metaspace       used 72526K, committed 74240K, reserved 1114112K
  class space    used 9981K, committed 10816K, reserved 1048576K
}
Event: 69.184 GC heap before
{Heap before GC invocations=30 (full 0):
 garbage-first heap   total 89088K, used 68910K [0x0000000080000000, 0x0000000100000000)
  region size 1024K, 20 young (20480K), 3 survivors (3072K)
 Metaspace       used 72578K, committed 74304K, reserved 1114112K
  class space    used 9981K, committed 10816K, reserved 1048576K
}
Event: 69.191 GC heap after
{Heap after GC invocations=31 (full 0):
 garbage-first heap   total 89088K, used 53823K [0x0000000080000000, 0x0000000100000000)
  region size 1024K, 3 young (3072K), 3 survivors (3072K)
 Metaspace       used 72578K, committed 74304K, reserved 1114112K
  class space    used 9981K, committed 10816K, reserved 1048576K
}
Event: 69.632 GC heap before
{Heap before GC invocations=31 (full 0):
 garbage-first heap   total 89088K, used 78399K [0x0000000080000000, 0x0000000100000000)
  region size 1024K, 28 young (28672K), 3 survivors (3072K)
 Metaspace       used 72593K, committed 74304K, reserved 1114112K
  class space    used 9981K, committed 10816K, reserved 1048576K
}
Event: 69.636 GC heap after
{Heap after GC invocations=32 (full 0):
 garbage-first heap   total 89088K, used 53235K [0x0000000080000000, 0x0000000100000000)
  region size 1024K, 4 young (4096K), 4 survivors (4096K)
 Metaspace       used 72593K, committed 74304K, reserved 1114112K
  class space    used 9981K, committed 10816K, reserved 1048576K
}
Event: 70.229 GC heap before
{Heap before GC invocations=32 (full 0):
 garbage-first heap   total 89088K, used 78835K [0x0000000080000000, 0x0000000100000000)
  region size 1024K, 29 young (29696K), 4 survivors (4096K)
 Metaspace       used 72603K, committed 74304K, reserved 1114112K
  class space    used 9983K, committed 10816K, reserved 1048576K
}
Event: 70.234 GC heap after
{Heap after GC invocations=33 (full 0):
 garbage-first heap   total 107520K, used 54311K [0x0000000080000000, 0x0000000100000000)
  region size 1024K, 4 young (4096K), 4 survivors (4096K)
 Metaspace       used 72603K, committed 74304K, reserved 1114112K
  class space    used 9983K, committed 10816K, reserved 1048576K
}
Event: 71.382 GC heap before
{Heap before GC invocations=34 (full 0):
 garbage-first heap   total 107520K, used 102439K [0x0000000080000000, 0x0000000100000000)
  region size 1024K, 42 young (43008K), 4 survivors (4096K)
 Metaspace       used 73084K, committed 74880K, reserved 1114112K
  class space    used 10047K, committed 10880K, reserved 1048576K
}
Event: 71.394 GC heap after
{Heap after GC invocations=35 (full 0):
 garbage-first heap   total 114688K, used 71680K [0x0000000080000000, 0x0000000100000000)
  region size 1024K, 6 young (6144K), 6 survivors (6144K)
 Metaspace       used 73084K, committed 74880K, reserved 1114112K
  class space    used 10047K, committed 10880K, reserved 1048576K
}
Event: 72.164 GC heap before
{Heap before GC invocations=35 (full 0):
 garbage-first heap   total 114688K, used 103424K [0x0000000080000000, 0x0000000100000000)
  region size 1024K, 34 young (34816K), 6 survivors (6144K)
 Metaspace       used 75092K, committed 76864K, reserved 1179648K
  class space    used 10284K, committed 11136K, reserved 1048576K
}
Event: 72.171 GC heap after
{Heap after GC invocations=36 (full 0):
 garbage-first heap   total 115712K, used 77250K [0x0000000080000000, 0x0000000100000000)
  region size 1024K, 4 young (4096K), 4 survivors (4096K)
 Metaspace       used 75092K, committed 76864K, reserved 1179648K
  class space    used 10284K, committed 11136K, reserved 1048576K
}

