# JRE version: OpenJDK Runtime Environment (21.0.7) (build 21.0.7+-13880790-b1038.58)
# Java VM: OpenJDK 64-Bit Server VM (21.0.7+-13880790-b1038.58, mixed mode, tiered, compressed oops, compressed class ptrs, g1 gc, windows-amd64)
GC Precious Log:
 CardTable entry size: 512
 Card Set container configuration: InlinePtr #cards 5 size 8 Array Of Cards #cards 12 size 40 Howl #buckets 4 coarsen threshold 1843 Howl Bitmap #cards 512 size 80 coarsen threshold 460 Card regions per heap region 1 cards per card region 2048
 CPUs: 4 total, 4 available
 Memory: 7886M
 Large Page Support: Disabled
 NUMA Support: Disabled
 Compressed Oops: Enabled (32-bit)
 Heap Region Size: 1M
 Heap Min Capacity: 8M
 Heap Initial Capacity: 124M
 Heap Max Capacity: 2G
 Pre-touch: Disabled
 Parallel Workers: 4
 Concurrent Workers: 1
 Concurrent Refinement Workers: 4
 Periodic GC: Disabled
Heap:
 garbage-first heap   total 271360K, used 180842K [0x0000000080000000, 0x0000000100000000)
  region size 1024K, 22 young (22528K), 6 survivors (6144K)
 Metaspace       used 117425K, committed 119680K, reserved 1179648K
  class space    used 15980K, committed 17088K, reserved 1048576K
GC Heap History (20 events):
Event: 71.995 GC heap before
{Heap before GC invocations=37 (full 0):
 garbage-first heap   total 224256K, used 171087K [0x0000000080000000, 0x0000000100000000)
  region size 1024K, 40 young (40960K), 4 survivors (4096K)
 Metaspace       used 88214K, committed 90176K, reserved 1179648K
  class space    used 11958K, committed 12928K, reserved 1048576K
}
Event: 72.003 GC heap after
{Heap after GC invocations=38 (full 0):
 garbage-first heap   total 224256K, used 133217K [0x0000000080000000, 0x0000000100000000)
  region size 1024K, 5 young (5120K), 5 survivors (5120K)
 Metaspace       used 88214K, committed 90176K, reserved 1179648K
  class space    used 11958K, committed 12928K, reserved 1048576K
}
Event: 76.092 GC heap before
{Heap before GC invocations=38 (full 0):
 garbage-first heap   total 224256K, used 191585K [0x0000000080000000, 0x0000000100000000)
  region size 1024K, 63 young (64512K), 5 survivors (5120K)
 Metaspace       used 93830K, committed 95872K, reserved 1179648K
  class space    used 12677K, committed 13696K, reserved 1048576K
}
Event: 76.105 GC heap after
{Heap after GC invocations=39 (full 0):
 garbage-first heap   total 224256K, used 135606K [0x0000000080000000, 0x0000000100000000)
  region size 1024K, 7 young (7168K), 7 survivors (7168K)
 Metaspace       used 93830K, committed 95872K, reserved 1179648K
  class space    used 12677K, committed 13696K, reserved 1048576K
}
Event: 76.127 GC heap before
{Heap before GC invocations=39 (full 0):
 garbage-first heap   total 224256K, used 135606K [0x0000000080000000, 0x0000000100000000)
  region size 1024K, 8 young (8192K), 7 survivors (7168K)
 Metaspace       used 93878K, committed 95936K, reserved 1179648K
  class space    used 12683K, committed 13696K, reserved 1048576K
}
Event: 76.134 GC heap after
{Heap after GC invocations=40 (full 0):
 garbage-first heap   total 224256K, used 135836K [0x0000000080000000, 0x0000000100000000)
  region size 1024K, 4 young (4096K), 4 survivors (4096K)
 Metaspace       used 93878K, committed 95936K, reserved 1179648K
  class space    used 12683K, committed 13696K, reserved 1048576K
}
Event: 78.114 GC heap before
{Heap before GC invocations=41 (full 0):
 garbage-first heap   total 234496K, used 201372K [0x0000000080000000, 0x0000000100000000)
  region size 1024K, 65 young (66560K), 4 survivors (4096K)
 Metaspace       used 98245K, committed 100352K, reserved 1179648K
  class space    used 13318K, committed 14336K, reserved 1048576K
}
Event: 78.121 GC heap after
{Heap after GC invocations=42 (full 0):
 garbage-first heap   total 234496K, used 141509K [0x0000000080000000, 0x0000000100000000)
  region size 1024K, 6 young (6144K), 6 survivors (6144K)
 Metaspace       used 98245K, committed 100352K, reserved 1179648K
  class space    used 13318K, committed 14336K, reserved 1048576K
}
Event: 79.184 GC heap before
{Heap before GC invocations=42 (full 0):
 garbage-first heap   total 234496K, used 208069K [0x0000000080000000, 0x0000000100000000)
  region size 1024K, 71 young (72704K), 6 survivors (6144K)
 Metaspace       used 101512K, committed 103616K, reserved 1179648K
  class space    used 13756K, committed 14784K, reserved 1048576K
}
Event: 79.199 GC heap after
{Heap after GC invocations=43 (full 0):
 garbage-first heap   total 234496K, used 147219K [0x0000000080000000, 0x0000000100000000)
  region size 1024K, 9 young (9216K), 9 survivors (9216K)
 Metaspace       used 101512K, committed 103616K, reserved 1179648K
  class space    used 13756K, committed 14784K, reserved 1048576K
}
Event: 79.455 GC heap before
{Heap before GC invocations=43 (full 0):
 garbage-first heap   total 234496K, used 155411K [0x0000000080000000, 0x0000000100000000)
  region size 1024K, 18 young (18432K), 9 survivors (9216K)
 Metaspace       used 102082K, committed 104256K, reserved 1179648K
  class space    used 13833K, committed 14912K, reserved 1048576K
}
Event: 79.465 GC heap after
{Heap after GC invocations=44 (full 0):
 garbage-first heap   total 234496K, used 148093K [0x0000000080000000, 0x0000000100000000)
  region size 1024K, 2 young (2048K), 2 survivors (2048K)
 Metaspace       used 102082K, committed 104256K, reserved 1179648K
  class space    used 13833K, committed 14912K, reserved 1048576K
}
Event: 82.995 GC heap before
{Heap before GC invocations=45 (full 0):
 garbage-first heap   total 250880K, used 214653K [0x0000000080000000, 0x0000000100000000)
  region size 1024K, 66 young (67584K), 2 survivors (2048K)
 Metaspace       used 107037K, committed 109184K, reserved 1179648K
  class space    used 14674K, committed 15744K, reserved 1048576K
}
Event: 83.002 GC heap after
{Heap after GC invocations=46 (full 0):
 garbage-first heap   total 250880K, used 149206K [0x0000000080000000, 0x0000000100000000)
  region size 1024K, 3 young (3072K), 3 survivors (3072K)
 Metaspace       used 107037K, committed 109184K, reserved 1179648K
  class space    used 14674K, committed 15744K, reserved 1048576K
}
Event: 105.798 GC heap before
{Heap before GC invocations=46 (full 0):
 garbage-first heap   total 250880K, used 233174K [0x0000000080000000, 0x0000000100000000)
  region size 1024K, 79 young (80896K), 3 survivors (3072K)
 Metaspace       used 114215K, committed 116416K, reserved 1179648K
  class space    used 15519K, committed 16576K, reserved 1048576K
}
Event: 106.015 GC heap after
{Heap after GC invocations=47 (full 0):
 garbage-first heap   total 250880K, used 156604K [0x0000000080000000, 0x0000000100000000)
  region size 1024K, 9 young (9216K), 9 survivors (9216K)
 Metaspace       used 114215K, committed 116416K, reserved 1179648K
  class space    used 15519K, committed 16576K, reserved 1048576K
}
Event: 114.041 GC heap before
{Heap before GC invocations=47 (full 0):
 garbage-first heap   total 250880K, used 226236K [0x0000000080000000, 0x0000000100000000)
  region size 1024K, 78 young (79872K), 9 survivors (9216K)
 Metaspace       used 117425K, committed 119680K, reserved 1179648K
  class space    used 15980K, committed 17088K, reserved 1048576K
}
Event: 114.066 GC heap after
{Heap after GC invocations=48 (full 0):
 garbage-first heap   total 250880K, used 162765K [0x0000000080000000, 0x0000000100000000)
  region size 1024K, 6 young (6144K), 6 survivors (6144K)
 Metaspace       used 117425K, committed 119680K, reserved 1179648K
  class space    used 15980K, committed 17088K, reserved 1048576K
}
Event: 121.107 GC heap before
{Heap before GC invocations=49 (full 0):
 garbage-first heap   total 271360K, used 230349K [0x0000000080000000, 0x0000000100000000)
  region size 1024K, 72 young (73728K), 6 survivors (6144K)
 Metaspace       used 117425K, committed 119680K, reserved 1179648K
  class space    used 15980K, committed 17088K, reserved 1048576K
}
Event: 121.123 GC heap after
{Heap after GC invocations=50 (full 0):
 garbage-first heap   total 271360K, used 165482K [0x0000000080000000, 0x0000000100000000)
  region size 1024K, 6 young (6144K), 6 survivors (6144K)
 Metaspace       used 117425K, committed 119680K, reserved 1179648K
  class space    used 15980K, committed 17088K, reserved 1048576K
}

